<?xml version="1.0" encoding="UTF-8"?>
<!-- Generated by org.testng.reporters.JUnitReportReporter -->
<testsuite hostname="FFE-Rohith-FFE143" failures="0" tests="1" name="com.swagslab.testscript.Dummy" time="0.019" errors="0" timestamp="2024-09-01T10:46:33 IST" skipped="0">
  <testcase classname="com.swagslab.testscript.Dummy" name="openBrowser" time="0.019"/>
  <system-out>
    <![CDATA[Successfully executed]]>
  </system-out>
</testsuite> <!-- com.swagslab.testscript.Dummy -->
